{INFO }  com.carlot.Driver                                                                             28-Jan-2021 Thursday CST 23:39:54            
{INFO }  com.carlot.Driver                         ==============================                      28-Jan-2021 Thursday CST 23:39:54            
{INFO }  com.carlot.Driver                             WELCOME TO CAR LOT                              28-Jan-2021 Thursday CST 23:39:54            
{INFO }  com.carlot.Driver                         ==============================                      28-Jan-2021 Thursday CST 23:39:54            
{INFO }  com.carlot.Driver                           (1) Log in to my account                          28-Jan-2021 Thursday CST 23:39:54            
{INFO }  com.carlot.Driver                           (2) New Customer                                  28-Jan-2021 Thursday CST 23:39:54            
{INFO }  com.carlot.Driver                           (3) Employee log in                               28-Jan-2021 Thursday CST 23:39:54            
{INFO }  com.carlot.Driver                                                                             31-Jan-2021 Sunday CST 12:46:51              
{INFO }  com.carlot.Driver                         ==============================                      31-Jan-2021 Sunday CST 12:46:51              
{INFO }  com.carlot.Driver                             WELCOME TO CAR LOT                              31-Jan-2021 Sunday CST 12:46:51              
{INFO }  com.carlot.Driver                         ==============================                      31-Jan-2021 Sunday CST 12:46:51              
{INFO }  com.carlot.Driver                           (1) Log in to my account                          31-Jan-2021 Sunday CST 12:46:51              
{INFO }  com.carlot.Driver                           (2) New Customer                                  31-Jan-2021 Sunday CST 12:46:51              
{INFO }  com.carlot.Driver                           (3) Employee log in                               31-Jan-2021 Sunday CST 12:46:51              
{INFO }  com.carlot.Driver                                                                             01-Feb-2021 Monday CST 20:44:25              
{INFO }  com.carlot.Driver                         ==============================                      01-Feb-2021 Monday CST 20:44:25              
{INFO }  com.carlot.Driver                             WELCOME TO CAR LOT                              01-Feb-2021 Monday CST 20:44:25              
{INFO }  com.carlot.Driver                         ==============================                      01-Feb-2021 Monday CST 20:44:25              
{INFO }  com.carlot.Driver                           (1) Log in to my account                          01-Feb-2021 Monday CST 20:44:25              
{INFO }  com.carlot.Driver                           (2) New Customer                                  01-Feb-2021 Monday CST 20:44:25              
{INFO }  com.carlot.Driver                           (3) Employee log in                               01-Feb-2021 Monday CST 20:44:25              
{INFO }  com.carlot.Driver                         Enter your LOGIN                                    01-Feb-2021 Monday CST 20:44:38              
{INFO }  com.carlot.Driver                         Enter your PASSWORD                                 01-Feb-2021 Monday CST 20:44:55              
{INFO }  com.carlot.Driver                         No customer found with such login or password       01-Feb-2021 Monday CST 20:44:58              
{INFO }  com.carlot.Driver                                                                             01-Feb-2021 Monday CST 20:44:58              
{INFO }  com.carlot.Driver                         ==============================                      01-Feb-2021 Monday CST 20:44:58              
{INFO }  com.carlot.Driver                             WELCOME TO CAR LOT                              01-Feb-2021 Monday CST 20:44:58              
{INFO }  com.carlot.Driver                         ==============================                      01-Feb-2021 Monday CST 20:44:58              
{INFO }  com.carlot.Driver                           (1) Log in to my account                          01-Feb-2021 Monday CST 20:44:58              
{INFO }  com.carlot.Driver                           (2) New Customer                                  01-Feb-2021 Monday CST 20:44:58              
{INFO }  com.carlot.Driver                           (3) Employee log in                               01-Feb-2021 Monday CST 20:44:58              
{INFO }  com.carlot.Driver                         Enter your LOGIN                                    01-Feb-2021 Monday CST 20:45:04              
{INFO }  com.carlot.Driver                         Enter your PASSWORD                                 01-Feb-2021 Monday CST 20:45:11              
{INFO }  com.carlot.Driver                         Entered loging or password is INVALID. Please try again  01-Feb-2021 Monday CST 20:45:14              
{INFO }  com.carlot.Driver                                                                             01-Feb-2021 Monday CST 20:45:14              
{INFO }  com.carlot.Driver                         ==============================                      01-Feb-2021 Monday CST 20:45:14              
{INFO }  com.carlot.Driver                             WELCOME TO CAR LOT                              01-Feb-2021 Monday CST 20:45:14              
{INFO }  com.carlot.Driver                         ==============================                      01-Feb-2021 Monday CST 20:45:14              
{INFO }  com.carlot.Driver                           (1) Log in to my account                          01-Feb-2021 Monday CST 20:45:14              
{INFO }  com.carlot.Driver                           (2) New Customer                                  01-Feb-2021 Monday CST 20:45:14              
{INFO }  com.carlot.Driver                           (3) Employee log in                               01-Feb-2021 Monday CST 20:45:14              
{INFO }  com.carlot.Driver                                                                             01-Feb-2021 Monday CST 21:10:09              
{INFO }  com.carlot.Driver                         ==============================                      01-Feb-2021 Monday CST 21:10:09              
{INFO }  com.carlot.Driver                             WELCOME TO CAR LOT                              01-Feb-2021 Monday CST 21:10:09              
{INFO }  com.carlot.Driver                         ==============================                      01-Feb-2021 Monday CST 21:10:09              
{INFO }  com.carlot.Driver                           (1) Log in to my account                          01-Feb-2021 Monday CST 21:10:09              
{INFO }  com.carlot.Driver                           (2) New Customer                                  01-Feb-2021 Monday CST 21:10:09              
{INFO }  com.carlot.Driver                           (3) Employee log in                               01-Feb-2021 Monday CST 21:10:09              
{INFO }  com.carlot.Driver                         Enter your FIRST NAME                               01-Feb-2021 Monday CST 21:10:15              
{INFO }  com.carlot.Driver                         nter your LAST NAME                                 01-Feb-2021 Monday CST 21:10:20              
{INFO }  com.carlot.Driver                         Enter your DOB in format yyyy-dd-mm                 01-Feb-2021 Monday CST 21:10:20              
{INFO }  com.carlot.Driver                         Invalid date format                                 01-Feb-2021 Monday CST 21:10:21              
{INFO }  com.carlot.Driver                         Enter your DL                                       01-Feb-2021 Monday CST 21:10:21              
{INFO }  com.carlot.Driver                         Enter your SSN (9 digits without space)             01-Feb-2021 Monday CST 21:10:22              
{INFO }  com.carlot.Driver                                                                             01-Feb-2021 Monday CST 21:13:17              
{INFO }  com.carlot.Driver                         ==============================                      01-Feb-2021 Monday CST 21:13:17              
{INFO }  com.carlot.Driver                             WELCOME TO CAR LOT                              01-Feb-2021 Monday CST 21:13:17              
{INFO }  com.carlot.Driver                         ==============================                      01-Feb-2021 Monday CST 21:13:17              
{INFO }  com.carlot.Driver                           (1) Log in to my account                          01-Feb-2021 Monday CST 21:13:17              
{INFO }  com.carlot.Driver                           (2) New Customer                                  01-Feb-2021 Monday CST 21:13:17              
{INFO }  com.carlot.Driver                           (3) Employee log in                               01-Feb-2021 Monday CST 21:13:17              
{INFO }  com.carlot.Driver                         Enter your FIRST NAME                               01-Feb-2021 Monday CST 21:13:20              
{INFO }  com.carlot.Driver                         nter your LAST NAME                                 01-Feb-2021 Monday CST 21:13:21              
{INFO }  com.carlot.Driver                         Enter your DOB in format yyyy-dd-mm                 01-Feb-2021 Monday CST 21:13:22              
{INFO }  com.carlot.Driver                         Invalid date format                                 01-Feb-2021 Monday CST 21:13:22              
{INFO }  com.carlot.Driver                         Enter your DL                                       01-Feb-2021 Monday CST 21:13:22              
{INFO }  com.carlot.Driver                         Enter your SSN (9 digits without space)             01-Feb-2021 Monday CST 21:13:32              
{INFO }  com.carlot.Driver                         Number is invalid                                   01-Feb-2021 Monday CST 21:13:33              
{INFO }  com.carlot.Driver                           Invalid menu option.Please try again!             01-Feb-2021 Monday CST 21:13:33              
{INFO }  com.carlot.Driver                                                                             01-Feb-2021 Monday CST 21:13:33              
{INFO }  com.carlot.Driver                         ==============================                      01-Feb-2021 Monday CST 21:13:33              
{INFO }  com.carlot.Driver                             WELCOME TO CAR LOT                              01-Feb-2021 Monday CST 21:13:33              
{INFO }  com.carlot.Driver                         ==============================                      01-Feb-2021 Monday CST 21:13:33              
{INFO }  com.carlot.Driver                           (1) Log in to my account                          01-Feb-2021 Monday CST 21:13:33              
{INFO }  com.carlot.Driver                           (2) New Customer                                  01-Feb-2021 Monday CST 21:13:33              
{INFO }  com.carlot.Driver                           (3) Employee log in                               01-Feb-2021 Monday CST 21:13:33              
{INFO }  com.carlot.Driver                                                                             01-Feb-2021 Monday CST 21:18:07              
{INFO }  com.carlot.Driver                         ==============================                      01-Feb-2021 Monday CST 21:18:07              
{INFO }  com.carlot.Driver                             WELCOME TO CAR LOT                              01-Feb-2021 Monday CST 21:18:07              
{INFO }  com.carlot.Driver                         ==============================                      01-Feb-2021 Monday CST 21:18:07              
{INFO }  com.carlot.Driver                           (1) Log in to my account                          01-Feb-2021 Monday CST 21:18:07              
{INFO }  com.carlot.Driver                           (2) New Customer                                  01-Feb-2021 Monday CST 21:18:07              
{INFO }  com.carlot.Driver                           (3) Employee log in                               01-Feb-2021 Monday CST 21:18:07              
{INFO }  com.carlot.Driver                         Enter your FIRST NAME                               01-Feb-2021 Monday CST 21:18:09              
{INFO }  com.carlot.Driver                         nter your LAST NAME                                 01-Feb-2021 Monday CST 21:18:12              
{INFO }  com.carlot.Driver                         Enter your DOB in format yyyy-dd-mm                 01-Feb-2021 Monday CST 21:18:13              
{INFO }  com.carlot.Driver                         Invalid date format                                 01-Feb-2021 Monday CST 21:18:14              
{INFO }  com.carlot.Driver                         Enter your DL                                       01-Feb-2021 Monday CST 21:18:14              
{INFO }  com.carlot.Driver                         Enter your SSN (9 digits without space)             01-Feb-2021 Monday CST 21:18:16              
{INFO }  com.carlot.Driver                         Number is invalid                                   01-Feb-2021 Monday CST 21:18:18              
{INFO }  com.carlot.Driver                           Invalid menu option.Please try again!             01-Feb-2021 Monday CST 21:18:18              
{INFO }  com.carlot.Driver                                                                             01-Feb-2021 Monday CST 21:18:18              
{INFO }  com.carlot.Driver                         ==============================                      01-Feb-2021 Monday CST 21:18:18              
{INFO }  com.carlot.Driver                             WELCOME TO CAR LOT                              01-Feb-2021 Monday CST 21:18:18              
{INFO }  com.carlot.Driver                         ==============================                      01-Feb-2021 Monday CST 21:18:18              
{INFO }  com.carlot.Driver                           (1) Log in to my account                          01-Feb-2021 Monday CST 21:18:18              
{INFO }  com.carlot.Driver                           (2) New Customer                                  01-Feb-2021 Monday CST 21:18:18              
{INFO }  com.carlot.Driver                           (3) Employee log in                               01-Feb-2021 Monday CST 21:18:18              
{INFO }  com.carlot.Driver                         Enter your FIRST NAME                               01-Feb-2021 Monday CST 21:18:30              
{INFO }  com.carlot.Driver                         nter your LAST NAME                                 01-Feb-2021 Monday CST 21:18:59              
{INFO }  com.carlot.Driver                         Enter your DOB in format yyyy-dd-mm                 01-Feb-2021 Monday CST 21:19:00              
{INFO }  com.carlot.Driver                         Invalid date format                                 01-Feb-2021 Monday CST 21:19:01              
{INFO }  com.carlot.Driver                         Enter your DL                                       01-Feb-2021 Monday CST 21:19:01              
{INFO }  com.carlot.Driver                         Enter your SSN (9 digits without space)             01-Feb-2021 Monday CST 21:19:02              
{INFO }  com.carlot.Driver                         Number is invalid                                   01-Feb-2021 Monday CST 21:19:04              
{INFO }  com.carlot.Driver                           Invalid menu option.Please try again!             01-Feb-2021 Monday CST 21:19:04              
{INFO }  com.carlot.Driver                                                                             01-Feb-2021 Monday CST 21:19:04              
{INFO }  com.carlot.Driver                         ==============================                      01-Feb-2021 Monday CST 21:19:04              
{INFO }  com.carlot.Driver                             WELCOME TO CAR LOT                              01-Feb-2021 Monday CST 21:19:04              
{INFO }  com.carlot.Driver                         ==============================                      01-Feb-2021 Monday CST 21:19:04              
{INFO }  com.carlot.Driver                           (1) Log in to my account                          01-Feb-2021 Monday CST 21:19:04              
{INFO }  com.carlot.Driver                           (2) New Customer                                  01-Feb-2021 Monday CST 21:19:04              
{INFO }  com.carlot.Driver                           (3) Employee log in                               01-Feb-2021 Monday CST 21:19:04              
{INFO }  com.carlot.Driver                                                                             01-Feb-2021 Monday CST 21:19:41              
{INFO }  com.carlot.Driver                         ==============================                      01-Feb-2021 Monday CST 21:19:41              
{INFO }  com.carlot.Driver                             WELCOME TO CAR LOT                              01-Feb-2021 Monday CST 21:19:41              
{INFO }  com.carlot.Driver                         ==============================                      01-Feb-2021 Monday CST 21:19:41              
{INFO }  com.carlot.Driver                           (1) Log in to my account                          01-Feb-2021 Monday CST 21:19:41              
{INFO }  com.carlot.Driver                           (2) New Customer                                  01-Feb-2021 Monday CST 21:19:41              
{INFO }  com.carlot.Driver                           (3) Employee log in                               01-Feb-2021 Monday CST 21:19:41              
{INFO }  com.carlot.Driver                         Enter your FIRST NAME                               01-Feb-2021 Monday CST 21:19:44              
{INFO }  com.carlot.Driver                         nter your LAST NAME                                 01-Feb-2021 Monday CST 21:19:46              
{INFO }  com.carlot.Driver                         Enter your DOB in format yyyy-dd-mm                 01-Feb-2021 Monday CST 21:19:47              
{INFO }  com.carlot.Driver                         Invalid date format                                 01-Feb-2021 Monday CST 21:19:49              
{INFO }  com.carlot.Driver                         Enter your DL                                       01-Feb-2021 Monday CST 21:19:49              
{INFO }  com.carlot.Driver                         Enter your SSN (9 digits without space)             01-Feb-2021 Monday CST 21:19:52              
{INFO }  com.carlot.Driver                         Number is invalid                                   01-Feb-2021 Monday CST 21:19:54              
{INFO }  com.carlot.Driver                                                                             01-Feb-2021 Monday CST 21:19:54              
{INFO }  com.carlot.Driver                         ==============================                      01-Feb-2021 Monday CST 21:19:54              
{INFO }  com.carlot.Driver                             WELCOME TO CAR LOT                              01-Feb-2021 Monday CST 21:19:54              
{INFO }  com.carlot.Driver                         ==============================                      01-Feb-2021 Monday CST 21:19:54              
{INFO }  com.carlot.Driver                           (1) Log in to my account                          01-Feb-2021 Monday CST 21:19:54              
{INFO }  com.carlot.Driver                           (2) New Customer                                  01-Feb-2021 Monday CST 21:19:54              
{INFO }  com.carlot.Driver                           (3) Employee log in                               01-Feb-2021 Monday CST 21:19:54              
{INFO }  com.carlot.Driver                         Enter your FIRST NAME                               01-Feb-2021 Monday CST 21:20:00              
{INFO }  com.carlot.Driver                                                                             01-Feb-2021 Monday CST 21:20:39              
{INFO }  com.carlot.Driver                         ==============================                      01-Feb-2021 Monday CST 21:20:39              
{INFO }  com.carlot.Driver                             WELCOME TO CAR LOT                              01-Feb-2021 Monday CST 21:20:39              
{INFO }  com.carlot.Driver                         ==============================                      01-Feb-2021 Monday CST 21:20:39              
{INFO }  com.carlot.Driver                           (1) Log in to my account                          01-Feb-2021 Monday CST 21:20:39              
{INFO }  com.carlot.Driver                           (2) New Customer                                  01-Feb-2021 Monday CST 21:20:39              
{INFO }  com.carlot.Driver                           (3) Employee log in                               01-Feb-2021 Monday CST 21:20:39              
{INFO }  com.carlot.Driver                         Enter your FIRST NAME                               01-Feb-2021 Monday CST 21:20:42              
{INFO }  com.carlot.Driver                         nter your LAST NAME                                 01-Feb-2021 Monday CST 21:20:45              
{INFO }  com.carlot.Driver                         Enter your DOB in format yyyy-dd-mm                 01-Feb-2021 Monday CST 21:20:46              
{INFO }  com.carlot.Driver                         Invalid date format                                 01-Feb-2021 Monday CST 21:20:47              
{INFO }  com.carlot.Driver                         Enter your DL                                       01-Feb-2021 Monday CST 21:20:47              
{INFO }  com.carlot.Driver                         Enter your SSN (9 digits without space)             01-Feb-2021 Monday CST 21:20:49              
{INFO }  com.carlot.Driver                         Number is invalid                                   01-Feb-2021 Monday CST 21:20:51              
{INFO }  com.carlot.Driver                                                                             01-Feb-2021 Monday CST 21:20:51              
{INFO }  com.carlot.Driver                                                                             01-Feb-2021 Monday CST 21:20:51              
{INFO }  com.carlot.Driver                         ==============================                      01-Feb-2021 Monday CST 21:20:51              
{INFO }  com.carlot.Driver                             WELCOME TO CAR LOT                              01-Feb-2021 Monday CST 21:20:51              
{INFO }  com.carlot.Driver                         ==============================                      01-Feb-2021 Monday CST 21:20:51              
{INFO }  com.carlot.Driver                           (1) Log in to my account                          01-Feb-2021 Monday CST 21:20:51              
{INFO }  com.carlot.Driver                           (2) New Customer                                  01-Feb-2021 Monday CST 21:20:51              
{INFO }  com.carlot.Driver                           (3) Employee log in                               01-Feb-2021 Monday CST 21:20:51              
{INFO }  com.carlot.Driver                         Enter your FIRST NAME                               01-Feb-2021 Monday CST 21:20:59              
{INFO }  com.carlot.Driver                         nter your LAST NAME                                 01-Feb-2021 Monday CST 21:22:08              
{INFO }  com.carlot.Driver                         Enter your DOB in format yyyy-dd-mm                 01-Feb-2021 Monday CST 21:22:15              
{INFO }  com.carlot.Driver                         Enter your DL                                       01-Feb-2021 Monday CST 21:22:30              
{INFO }  com.carlot.Driver                         Enter your SSN (9 digits without space)             01-Feb-2021 Monday CST 21:22:57              
{INFO }  com.carlot.Driver                         Enter your ADDRESS                                  01-Feb-2021 Monday CST 21:23:04              
{INFO }  com.carlot.Driver                         Enter your PHONE number(10 digits without space)    01-Feb-2021 Monday CST 21:23:40              
{INFO }  com.carlot.Driver                         Create new 4 to 12 long LOGIN                       01-Feb-2021 Monday CST 21:23:50              
{INFO }  com.carlot.Driver                         Numbers or letters only                             01-Feb-2021 Monday CST 21:23:50              
{INFO }  com.carlot.Driver                         Create new 4 to 12 long PASSWORD                    01-Feb-2021 Monday CST 21:25:22              
{INFO }  com.carlot.Driver                         Numbers or letters only                             01-Feb-2021 Monday CST 21:25:22              
{INFO }  com.carlot.Driver                         Some internal error occured. Please contact admin   01-Feb-2021 Monday CST 21:25:34              
{INFO }  com.carlot.Driver                                                                             01-Feb-2021 Monday CST 21:25:34              
{INFO }  com.carlot.Driver                         ==============================                      01-Feb-2021 Monday CST 21:25:34              
{INFO }  com.carlot.Driver                             WELCOME TO CAR LOT                              01-Feb-2021 Monday CST 21:25:34              
{INFO }  com.carlot.Driver                         ==============================                      01-Feb-2021 Monday CST 21:25:34              
{INFO }  com.carlot.Driver                           (1) Log in to my account                          01-Feb-2021 Monday CST 21:25:34              
{INFO }  com.carlot.Driver                           (2) New Customer                                  01-Feb-2021 Monday CST 21:25:34              
{INFO }  com.carlot.Driver                           (3) Employee log in                               01-Feb-2021 Monday CST 21:25:34              
{INFO }  com.carlot.Driver                         Enter your FIRST NAME                               01-Feb-2021 Monday CST 21:26:23              
{INFO }  com.carlot.Driver                                                                             01-Feb-2021 Monday CST 21:27:40              
{INFO }  com.carlot.Driver                         ==============================                      01-Feb-2021 Monday CST 21:27:40              
{INFO }  com.carlot.Driver                             WELCOME TO CAR LOT                              01-Feb-2021 Monday CST 21:27:40              
{INFO }  com.carlot.Driver                         ==============================                      01-Feb-2021 Monday CST 21:27:40              
{INFO }  com.carlot.Driver                           (1) Log in to my account                          01-Feb-2021 Monday CST 21:27:40              
{INFO }  com.carlot.Driver                           (2) New Customer                                  01-Feb-2021 Monday CST 21:27:40              
{INFO }  com.carlot.Driver                           (3) Employee log in                               01-Feb-2021 Monday CST 21:27:40              
{INFO }  com.carlot.Driver                         Enter your FIRST NAME                               01-Feb-2021 Monday CST 21:27:44              
{INFO }  com.carlot.Driver                         nter your LAST NAME                                 01-Feb-2021 Monday CST 21:27:51              
{INFO }  com.carlot.Driver                         Enter your DOB in format yyyy-dd-mm                 01-Feb-2021 Monday CST 21:27:54              
{INFO }  com.carlot.Driver                         Invalid date format                                 01-Feb-2021 Monday CST 21:28:02              
{INFO }  com.carlot.Driver                         Enter your DL                                       01-Feb-2021 Monday CST 21:28:02              
{INFO }  com.carlot.Driver                                                                             01-Feb-2021 Monday CST 21:28:56              
{INFO }  com.carlot.Driver                         ==============================                      01-Feb-2021 Monday CST 21:28:56              
{INFO }  com.carlot.Driver                             WELCOME TO CAR LOT                              01-Feb-2021 Monday CST 21:28:56              
{INFO }  com.carlot.Driver                         ==============================                      01-Feb-2021 Monday CST 21:28:56              
{INFO }  com.carlot.Driver                           (1) Log in to my account                          01-Feb-2021 Monday CST 21:28:56              
{INFO }  com.carlot.Driver                           (2) New Customer                                  01-Feb-2021 Monday CST 21:28:56              
{INFO }  com.carlot.Driver                           (3) Employee log in                               01-Feb-2021 Monday CST 21:28:56              
{INFO }  com.carlot.Driver                         Enter your FIRST NAME                               01-Feb-2021 Monday CST 21:28:58              
{INFO }  com.carlot.Driver                         nter your LAST NAME                                 01-Feb-2021 Monday CST 21:29:01              
{INFO }  com.carlot.Driver                         Enter your DOB in format yyyy-dd-mm                 01-Feb-2021 Monday CST 21:29:05              
{INFO }  com.carlot.Driver                         Enter your DL                                       01-Feb-2021 Monday CST 21:29:12              
{INFO }  com.carlot.Driver                         Enter your SSN (9 digits without space)             01-Feb-2021 Monday CST 21:29:18              
{INFO }  com.carlot.Driver                         Enter your ADDRESS                                  01-Feb-2021 Monday CST 21:29:23              
{INFO }  com.carlot.Driver                         Enter your PHONE number(10 digits without space)    01-Feb-2021 Monday CST 21:29:33              
{INFO }  com.carlot.Driver                         Create new 4 to 12 long LOGIN                       01-Feb-2021 Monday CST 21:29:38              
{INFO }  com.carlot.Driver                         Numbers or letters only                             01-Feb-2021 Monday CST 21:29:38              
{INFO }  com.carlot.Driver                         Create new 4 to 12 long PASSWORD                    01-Feb-2021 Monday CST 21:29:45              
{INFO }  com.carlot.Driver                         Numbers or letters only                             01-Feb-2021 Monday CST 21:29:45              
{INFO }  com.carlot.Driver                         Some internal error occured. Please contact admin   01-Feb-2021 Monday CST 21:29:48              
{INFO }  com.carlot.Driver                                                                             01-Feb-2021 Monday CST 21:29:48              
{INFO }  com.carlot.Driver                         ==============================                      01-Feb-2021 Monday CST 21:29:48              
{INFO }  com.carlot.Driver                             WELCOME TO CAR LOT                              01-Feb-2021 Monday CST 21:29:48              
{INFO }  com.carlot.Driver                         ==============================                      01-Feb-2021 Monday CST 21:29:48              
{INFO }  com.carlot.Driver                           (1) Log in to my account                          01-Feb-2021 Monday CST 21:29:48              
{INFO }  com.carlot.Driver                           (2) New Customer                                  01-Feb-2021 Monday CST 21:29:48              
{INFO }  com.carlot.Driver                           (3) Employee log in                               01-Feb-2021 Monday CST 21:29:48              
{INFO }  com.carlot.Driver                                                                             01-Feb-2021 Monday CST 21:30:18              
{INFO }  com.carlot.Driver                         ==============================                      01-Feb-2021 Monday CST 21:30:18              
{INFO }  com.carlot.Driver                             WELCOME TO CAR LOT                              01-Feb-2021 Monday CST 21:30:18              
{INFO }  com.carlot.Driver                         ==============================                      01-Feb-2021 Monday CST 21:30:18              
{INFO }  com.carlot.Driver                           (1) Log in to my account                          01-Feb-2021 Monday CST 21:30:18              
{INFO }  com.carlot.Driver                           (2) New Customer                                  01-Feb-2021 Monday CST 21:30:18              
{INFO }  com.carlot.Driver                           (3) Employee log in                               01-Feb-2021 Monday CST 21:30:18              
{INFO }  com.carlot.Driver                         Enter your FIRST NAME                               01-Feb-2021 Monday CST 21:30:20              
{INFO }  com.carlot.Driver                         nter your LAST NAME                                 01-Feb-2021 Monday CST 21:30:37              
{INFO }  com.carlot.Driver                         Enter your DOB in format yyyy-dd-mm                 01-Feb-2021 Monday CST 21:31:09              
{INFO }  com.carlot.Driver                         Enter your DL                                       01-Feb-2021 Monday CST 21:31:17              
{INFO }  com.carlot.Driver                         Enter your SSN (9 digits without space)             01-Feb-2021 Monday CST 21:31:27              
{INFO }  com.carlot.Driver                         Enter your ADDRESS                                  01-Feb-2021 Monday CST 21:31:33              
{INFO }  com.carlot.Driver                         Enter your PHONE number(10 digits without space)    01-Feb-2021 Monday CST 21:32:00              
{INFO }  com.carlot.Driver                         Create new 4 to 12 long LOGIN                       01-Feb-2021 Monday CST 21:32:12              
{INFO }  com.carlot.Driver                         Numbers or letters only                             01-Feb-2021 Monday CST 21:32:12              
{INFO }  com.carlot.Driver                         Create new 4 to 12 long PASSWORD                    01-Feb-2021 Monday CST 21:32:24              
{INFO }  com.carlot.Driver                         Numbers or letters only                             01-Feb-2021 Monday CST 21:32:24              
{INFO }  com.carlot.Driver                         Some internal error occured. Please contact admin   01-Feb-2021 Monday CST 21:32:28              
{INFO }  com.carlot.Driver                                                                             01-Feb-2021 Monday CST 21:32:28              
{INFO }  com.carlot.Driver                         ==============================                      01-Feb-2021 Monday CST 21:32:28              
{INFO }  com.carlot.Driver                             WELCOME TO CAR LOT                              01-Feb-2021 Monday CST 21:32:28              
{INFO }  com.carlot.Driver                         ==============================                      01-Feb-2021 Monday CST 21:32:28              
{INFO }  com.carlot.Driver                           (1) Log in to my account                          01-Feb-2021 Monday CST 21:32:28              
{INFO }  com.carlot.Driver                           (2) New Customer                                  01-Feb-2021 Monday CST 21:32:28              
{INFO }  com.carlot.Driver                           (3) Employee log in                               01-Feb-2021 Monday CST 21:32:28              
{INFO }  com.carlot.Driver                                                                             01-Feb-2021 Monday CST 21:34:04              
{INFO }  com.carlot.Driver                         ==============================                      01-Feb-2021 Monday CST 21:34:04              
{INFO }  com.carlot.Driver                             WELCOME TO CAR LOT                              01-Feb-2021 Monday CST 21:34:04              
{INFO }  com.carlot.Driver                         ==============================                      01-Feb-2021 Monday CST 21:34:04              
{INFO }  com.carlot.Driver                           (1) Log in to my account                          01-Feb-2021 Monday CST 21:34:04              
{INFO }  com.carlot.Driver                           (2) New Customer                                  01-Feb-2021 Monday CST 21:34:04              
{INFO }  com.carlot.Driver                           (3) Employee log in                               01-Feb-2021 Monday CST 21:34:04              
{INFO }  com.carlot.Driver                         Enter your FIRST NAME                               01-Feb-2021 Monday CST 21:34:08              
{INFO }  com.carlot.Driver                         Enter your LAST NAME                                01-Feb-2021 Monday CST 21:34:13              
{INFO }  com.carlot.Driver                         Enter your DOB in format yyyy-dd-mm                 01-Feb-2021 Monday CST 21:34:18              
{INFO }  com.carlot.Driver                         Enter your DL                                       01-Feb-2021 Monday CST 21:34:26              
{INFO }  com.carlot.Driver                         Enter your SSN (9 digits without space)             01-Feb-2021 Monday CST 21:34:34              
{INFO }  com.carlot.Driver                         Enter your ADDRESS                                  01-Feb-2021 Monday CST 21:34:41              
{INFO }  com.carlot.Driver                         Enter your PHONE number(10 digits without space)    01-Feb-2021 Monday CST 21:35:00              
{INFO }  com.carlot.Driver                         Create new 4 to 12 long LOGIN                       01-Feb-2021 Monday CST 21:35:12              
{INFO }  com.carlot.Driver                         Numbers or letters only                             01-Feb-2021 Monday CST 21:35:12              
{INFO }  com.carlot.Driver                         Create new 4 to 12 long PASSWORD                    01-Feb-2021 Monday CST 21:35:19              
{INFO }  com.carlot.Driver                         Numbers or letters only                             01-Feb-2021 Monday CST 21:35:19              
{INFO }  com.carlot.Driver                         Some internal error occured. Please contact admin   01-Feb-2021 Monday CST 21:35:23              
{INFO }  com.carlot.Driver                                                                             01-Feb-2021 Monday CST 21:35:23              
{INFO }  com.carlot.Driver                         ==============================                      01-Feb-2021 Monday CST 21:35:23              
{INFO }  com.carlot.Driver                             WELCOME TO CAR LOT                              01-Feb-2021 Monday CST 21:35:23              
{INFO }  com.carlot.Driver                         ==============================                      01-Feb-2021 Monday CST 21:35:23              
{INFO }  com.carlot.Driver                           (1) Log in to my account                          01-Feb-2021 Monday CST 21:35:23              
{INFO }  com.carlot.Driver                           (2) New Customer                                  01-Feb-2021 Monday CST 21:35:23              
{INFO }  com.carlot.Driver                           (3) Employee log in                               01-Feb-2021 Monday CST 21:35:23              
{INFO }  com.carlot.Driver                                                                             01-Feb-2021 Monday CST 21:35:49              
{INFO }  com.carlot.Driver                         ==============================                      01-Feb-2021 Monday CST 21:35:49              
{INFO }  com.carlot.Driver                             WELCOME TO CAR LOT                              01-Feb-2021 Monday CST 21:35:49              
{INFO }  com.carlot.Driver                         ==============================                      01-Feb-2021 Monday CST 21:35:49              
{INFO }  com.carlot.Driver                           (1) Log in to my account                          01-Feb-2021 Monday CST 21:35:49              
{INFO }  com.carlot.Driver                           (2) New Customer                                  01-Feb-2021 Monday CST 21:35:49              
{INFO }  com.carlot.Driver                           (3) Employee log in                               01-Feb-2021 Monday CST 21:35:49              
{INFO }  com.carlot.Driver                         Enter your FIRST NAME                               01-Feb-2021 Monday CST 21:35:51              
{INFO }  com.carlot.Driver                         Enter your LAST NAME                                01-Feb-2021 Monday CST 21:35:57              
{INFO }  com.carlot.Driver                         Enter your DOB in format yyyy-dd-mm                 01-Feb-2021 Monday CST 21:36:07              
{INFO }  com.carlot.Driver                         Enter your DL                                       01-Feb-2021 Monday CST 21:36:17              
{INFO }  com.carlot.Driver                         Enter your SSN (9 digits without space)             01-Feb-2021 Monday CST 21:36:25              
{INFO }  com.carlot.Driver                         Enter your ADDRESS                                  01-Feb-2021 Monday CST 21:36:30              
{INFO }  com.carlot.Driver                         Enter your PHONE number(10 digits without space)    01-Feb-2021 Monday CST 21:36:46              
{INFO }  com.carlot.Driver                         Create new 4 to 12 long LOGIN                       01-Feb-2021 Monday CST 21:37:27              
{INFO }  com.carlot.Driver                         Numbers or letters only                             01-Feb-2021 Monday CST 21:37:27              
{INFO }  com.carlot.Driver                         Create new 4 to 12 long PASSWORD                    01-Feb-2021 Monday CST 21:37:39              
{INFO }  com.carlot.Driver                         Numbers or letters only                             01-Feb-2021 Monday CST 21:37:39              
{INFO }  com.carlot.Driver                         Registration complited successfully. Now you can log in  01-Feb-2021 Monday CST 21:38:30              
{INFO }  com.carlot.Driver                                                                             01-Feb-2021 Monday CST 21:38:30              
{INFO }  com.carlot.Driver                         ==============================                      01-Feb-2021 Monday CST 21:38:30              
{INFO }  com.carlot.Driver                             WELCOME TO CAR LOT                              01-Feb-2021 Monday CST 21:38:30              
{INFO }  com.carlot.Driver                         ==============================                      01-Feb-2021 Monday CST 21:38:30              
{INFO }  com.carlot.Driver                           (1) Log in to my account                          01-Feb-2021 Monday CST 21:38:30              
{INFO }  com.carlot.Driver                           (2) New Customer                                  01-Feb-2021 Monday CST 21:38:30              
{INFO }  com.carlot.Driver                           (3) Employee log in                               01-Feb-2021 Monday CST 21:38:30              
{INFO }  com.carlot.Driver                         Enter your LOGIN                                    01-Feb-2021 Monday CST 21:39:50              
{INFO }  com.carlot.Driver                         Enter your PASSWORD                                 01-Feb-2021 Monday CST 21:39:55              
{INFO }  com.carlot.Driver                         Welcome back                                        01-Feb-2021 Monday CST 21:40:02              
{INFO }  com.carlot.Driver                         Enter your LOGIN                                    01-Feb-2021 Monday CST 21:40:02              
{INFO }  com.carlot.Driver                                                                             01-Feb-2021 Monday CST 21:43:39              
{INFO }  com.carlot.Driver                         ==============================                      01-Feb-2021 Monday CST 21:43:39              
{INFO }  com.carlot.Driver                             WELCOME TO CAR LOT                              01-Feb-2021 Monday CST 21:43:39              
{INFO }  com.carlot.Driver                         ==============================                      01-Feb-2021 Monday CST 21:43:39              
{INFO }  com.carlot.Driver                           (1) Log in to my account                          01-Feb-2021 Monday CST 21:43:39              
{INFO }  com.carlot.Driver                           (2) New Customer                                  01-Feb-2021 Monday CST 21:43:39              
{INFO }  com.carlot.Driver                           (3) Employee log in                               01-Feb-2021 Monday CST 21:43:39              
{INFO }  com.carlot.Driver                         Enter your LOGIN                                    01-Feb-2021 Monday CST 21:43:46              
{INFO }  com.carlot.Driver                         Enter your PASSWORD                                 01-Feb-2021 Monday CST 21:43:53              
{INFO }  com.carlot.Driver                         Welcome back                                        01-Feb-2021 Monday CST 21:43:58              
{INFO }  com.carlot.Driver                                                                             01-Feb-2021 Monday CST 21:43:58              
{INFO }  com.carlot.Driver                         ==============================                      01-Feb-2021 Monday CST 21:43:58              
{INFO }  com.carlot.Driver                             WELCOME TO CAR LOT                              01-Feb-2021 Monday CST 21:43:58              
{INFO }  com.carlot.Driver                         ==============================                      01-Feb-2021 Monday CST 21:43:58              
{INFO }  com.carlot.Driver                           (1) Log in to my account                          01-Feb-2021 Monday CST 21:43:58              
{INFO }  com.carlot.Driver                           (2) New Customer                                  01-Feb-2021 Monday CST 21:43:58              
{INFO }  com.carlot.Driver                           (3) Employee log in                               01-Feb-2021 Monday CST 21:43:58              
{INFO }  com.carlot.Driver                         Enter your FIRST NAME                               01-Feb-2021 Monday CST 21:45:35              
{INFO }  com.carlot.Driver                         Enter your LAST NAME                                01-Feb-2021 Monday CST 21:45:37              
{INFO }  com.carlot.Driver                         Enter your DOB in format yyyy-dd-mm                 01-Feb-2021 Monday CST 21:45:39              
{INFO }  com.carlot.Driver                         Invalid date format                                 01-Feb-2021 Monday CST 21:45:42              
{INFO }  com.carlot.Driver                         Enter your DL                                       01-Feb-2021 Monday CST 21:45:42              
{INFO }  com.carlot.Driver                         Enter your SSN (9 digits without space)             01-Feb-2021 Monday CST 21:45:44              
{INFO }  com.carlot.Driver                         Number is invalid                                   01-Feb-2021 Monday CST 21:45:52              
{INFO }  com.carlot.Driver                                                                             01-Feb-2021 Monday CST 21:45:52              
{INFO }  com.carlot.Driver                         Enter your FIRST NAME                               01-Feb-2021 Monday CST 21:45:52              
{INFO }  com.carlot.Driver                                                                             01-Feb-2021 Monday CST 22:03:10              
{INFO }  com.carlot.Driver                         ==============================                      01-Feb-2021 Monday CST 22:03:10              
{INFO }  com.carlot.Driver                             WELCOME TO CAR LOT                              01-Feb-2021 Monday CST 22:03:10              
{INFO }  com.carlot.Driver                         ==============================                      01-Feb-2021 Monday CST 22:03:10              
{INFO }  com.carlot.Driver                           (1) Log in to my account                          01-Feb-2021 Monday CST 22:03:10              
{INFO }  com.carlot.Driver                           (2) New Customer                                  01-Feb-2021 Monday CST 22:03:10              
{INFO }  com.carlot.Driver                           (3) Employee log in                               01-Feb-2021 Monday CST 22:03:10              
{INFO }  com.carlot.Driver                           Invalid menu option.Please try again!             01-Feb-2021 Monday CST 22:03:13              
{INFO }  com.carlot.Driver                                                                             01-Feb-2021 Monday CST 22:03:13              
{INFO }  com.carlot.Driver                         ==============================                      01-Feb-2021 Monday CST 22:03:13              
{INFO }  com.carlot.Driver                             WELCOME TO CAR LOT                              01-Feb-2021 Monday CST 22:03:13              
{INFO }  com.carlot.Driver                         ==============================                      01-Feb-2021 Monday CST 22:03:13              
{INFO }  com.carlot.Driver                           (1) Log in to my account                          01-Feb-2021 Monday CST 22:03:13              
{INFO }  com.carlot.Driver                           (2) New Customer                                  01-Feb-2021 Monday CST 22:03:13              
{INFO }  com.carlot.Driver                           (3) Employee log in                               01-Feb-2021 Monday CST 22:03:13              
{INFO }  com.carlot.Driver                           Invalid menu option.Please try again!             01-Feb-2021 Monday CST 22:03:26              
{INFO }  com.carlot.Driver                                                                             01-Feb-2021 Monday CST 22:03:26              
{INFO }  com.carlot.Driver                         ==============================                      01-Feb-2021 Monday CST 22:03:26              
{INFO }  com.carlot.Driver                             WELCOME TO CAR LOT                              01-Feb-2021 Monday CST 22:03:26              
{INFO }  com.carlot.Driver                         ==============================                      01-Feb-2021 Monday CST 22:03:26              
{INFO }  com.carlot.Driver                           (1) Log in to my account                          01-Feb-2021 Monday CST 22:03:26              
{INFO }  com.carlot.Driver                           (2) New Customer                                  01-Feb-2021 Monday CST 22:03:26              
{INFO }  com.carlot.Driver                           (3) Employee log in                               01-Feb-2021 Monday CST 22:03:26              
{INFO }  com.carlot.Driver                           Invalid menu option.Please try again!             01-Feb-2021 Monday CST 22:03:41              
{INFO }  com.carlot.Driver                                                                             01-Feb-2021 Monday CST 22:03:41              
{INFO }  com.carlot.Driver                         ==============================                      01-Feb-2021 Monday CST 22:03:41              
{INFO }  com.carlot.Driver                             WELCOME TO CAR LOT                              01-Feb-2021 Monday CST 22:03:41              
{INFO }  com.carlot.Driver                         ==============================                      01-Feb-2021 Monday CST 22:03:41              
{INFO }  com.carlot.Driver                           (1) Log in to my account                          01-Feb-2021 Monday CST 22:03:41              
{INFO }  com.carlot.Driver                           (2) New Customer                                  01-Feb-2021 Monday CST 22:03:41              
{INFO }  com.carlot.Driver                           (3) Employee log in                               01-Feb-2021 Monday CST 22:03:41              
{INFO }  com.carlot.Driver                           Invalid menu option.Please try again!             01-Feb-2021 Monday CST 22:03:59              
{INFO }  com.carlot.Driver                                                                             01-Feb-2021 Monday CST 22:23:47              
{INFO }  com.carlot.Driver                         ==============================                      01-Feb-2021 Monday CST 22:23:47              
{INFO }  com.carlot.Driver                             WELCOME TO CAR LOT                              01-Feb-2021 Monday CST 22:23:47              
{INFO }  com.carlot.Driver                         ==============================                      01-Feb-2021 Monday CST 22:23:47              
{INFO }  com.carlot.Driver                           (1) Log in to my account                          01-Feb-2021 Monday CST 22:23:47              
{INFO }  com.carlot.Driver                           (2) New Customer                                  01-Feb-2021 Monday CST 22:23:47              
{INFO }  com.carlot.Driver                           (3) Employee log in                               01-Feb-2021 Monday CST 22:23:47              
{INFO }  com.carlot.Driver                         Enter your LOGIN                                    01-Feb-2021 Monday CST 22:23:51              
{INFO }  com.carlot.Driver                         Enter your PASSWORD                                 01-Feb-2021 Monday CST 22:23:54              
{INFO }  com.carlot.Driver                         No customer found with such login or password       01-Feb-2021 Monday CST 22:23:56              
{INFO }  com.carlot.Driver                         Invalid menu option.Please try again!               01-Feb-2021 Monday CST 22:23:56              
{INFO }  com.carlot.Driver                                                                             01-Feb-2021 Monday CST 22:23:56              
{INFO }  com.carlot.Driver                         ==============================                      01-Feb-2021 Monday CST 22:23:56              
{INFO }  com.carlot.Driver                             WELCOME TO CAR LOT                              01-Feb-2021 Monday CST 22:23:56              
{INFO }  com.carlot.Driver                         ==============================                      01-Feb-2021 Monday CST 22:23:56              
{INFO }  com.carlot.Driver                           (1) Log in to my account                          01-Feb-2021 Monday CST 22:23:56              
{INFO }  com.carlot.Driver                           (2) New Customer                                  01-Feb-2021 Monday CST 22:23:56              
{INFO }  com.carlot.Driver                           (3) Employee log in                               01-Feb-2021 Monday CST 22:23:56              
{INFO }  com.carlot.Driver                         Invalid menu option.Please try again!               01-Feb-2021 Monday CST 22:24:27              
{INFO }  com.carlot.Driver                                                                             01-Feb-2021 Monday CST 22:24:27              
{INFO }  com.carlot.Driver                         ==============================                      01-Feb-2021 Monday CST 22:24:27              
{INFO }  com.carlot.Driver                             WELCOME TO CAR LOT                              01-Feb-2021 Monday CST 22:24:27              
{INFO }  com.carlot.Driver                         ==============================                      01-Feb-2021 Monday CST 22:24:27              
{INFO }  com.carlot.Driver                           (1) Log in to my account                          01-Feb-2021 Monday CST 22:24:27              
{INFO }  com.carlot.Driver                           (2) New Customer                                  01-Feb-2021 Monday CST 22:24:27              
{INFO }  com.carlot.Driver                           (3) Employee log in                               01-Feb-2021 Monday CST 22:24:27              
{INFO }  com.carlot.Driver                         Invalid menu option.Please try again!               01-Feb-2021 Monday CST 22:24:32              
{INFO }  com.carlot.Driver                                                                             01-Feb-2021 Monday CST 22:24:32              
{INFO }  com.carlot.Driver                         ==============================                      01-Feb-2021 Monday CST 22:24:32              
{INFO }  com.carlot.Driver                             WELCOME TO CAR LOT                              01-Feb-2021 Monday CST 22:24:32              
{INFO }  com.carlot.Driver                         ==============================                      01-Feb-2021 Monday CST 22:24:32              
{INFO }  com.carlot.Driver                           (1) Log in to my account                          01-Feb-2021 Monday CST 22:24:32              
{INFO }  com.carlot.Driver                           (2) New Customer                                  01-Feb-2021 Monday CST 22:24:32              
{INFO }  com.carlot.Driver                           (3) Employee log in                               01-Feb-2021 Monday CST 22:24:32              
{INFO }  com.carlot.Driver                                                                             01-Feb-2021 Monday CST 22:29:11              
{INFO }  com.carlot.Driver                         ==============================                      01-Feb-2021 Monday CST 22:29:11              
{INFO }  com.carlot.Driver                             WELCOME TO CAR LOT                              01-Feb-2021 Monday CST 22:29:11              
{INFO }  com.carlot.Driver                         ==============================                      01-Feb-2021 Monday CST 22:29:11              
{INFO }  com.carlot.Driver                           (1) Log in to my account                          01-Feb-2021 Monday CST 22:29:11              
{INFO }  com.carlot.Driver                           (2) New Customer                                  01-Feb-2021 Monday CST 22:29:11              
{INFO }  com.carlot.Driver                           (3) Employee log in                               01-Feb-2021 Monday CST 22:29:11              
{INFO }  com.carlot.Driver                         Enter your LOGIN                                    01-Feb-2021 Monday CST 22:29:14              
{INFO }  com.carlot.Driver                         Enter your PASSWORD                                 01-Feb-2021 Monday CST 22:29:16              
{INFO }  com.carlot.Driver                         No customer found with such login or password       01-Feb-2021 Monday CST 22:29:18              
{INFO }  com.carlot.Driver                         Invalid menu option.Please try again!               01-Feb-2021 Monday CST 22:29:18              
{INFO }  com.carlot.Driver                                                                             01-Feb-2021 Monday CST 22:29:18              
{INFO }  com.carlot.Driver                         ==============================                      01-Feb-2021 Monday CST 22:29:18              
{INFO }  com.carlot.Driver                             WELCOME TO CAR LOT                              01-Feb-2021 Monday CST 22:29:18              
{INFO }  com.carlot.Driver                         ==============================                      01-Feb-2021 Monday CST 22:29:18              
{INFO }  com.carlot.Driver                           (1) Log in to my account                          01-Feb-2021 Monday CST 22:29:18              
{INFO }  com.carlot.Driver                           (2) New Customer                                  01-Feb-2021 Monday CST 22:29:18              
{INFO }  com.carlot.Driver                           (3) Employee log in                               01-Feb-2021 Monday CST 22:29:18              
{INFO }  com.carlot.Driver                                                                             01-Feb-2021 Monday CST 22:37:12              
{INFO }  com.carlot.Driver                         ==============================                      01-Feb-2021 Monday CST 22:37:12              
{INFO }  com.carlot.Driver                             WELCOME TO CAR LOT                              01-Feb-2021 Monday CST 22:37:12              
{INFO }  com.carlot.Driver                         ==============================                      01-Feb-2021 Monday CST 22:37:12              
{INFO }  com.carlot.Driver                           (1) Log in to my account                          01-Feb-2021 Monday CST 22:37:12              
{INFO }  com.carlot.Driver                           (2) New Customer                                  01-Feb-2021 Monday CST 22:37:12              
{INFO }  com.carlot.Driver                           (3) Employee log in                               01-Feb-2021 Monday CST 22:37:12              
{INFO }  com.carlot.Driver                         Enter your LOGIN                                    01-Feb-2021 Monday CST 22:38:06              
{INFO }  com.carlot.Driver                         Enter your PASSWORD                                 01-Feb-2021 Monday CST 22:38:09              
{INFO }  com.carlot.Driver                         No customer found with such login or password       01-Feb-2021 Monday CST 22:38:11              
{INFO }  com.carlot.Driver                         Invalid menu option.Please try again!               01-Feb-2021 Monday CST 22:38:11              
{INFO }  com.carlot.Driver                                                                             01-Feb-2021 Monday CST 22:38:11              
{INFO }  com.carlot.Driver                         ==============================                      01-Feb-2021 Monday CST 22:38:11              
{INFO }  com.carlot.Driver                             WELCOME TO CAR LOT                              01-Feb-2021 Monday CST 22:38:11              
{INFO }  com.carlot.Driver                         ==============================                      01-Feb-2021 Monday CST 22:38:11              
{INFO }  com.carlot.Driver                           (1) Log in to my account                          01-Feb-2021 Monday CST 22:38:11              
{INFO }  com.carlot.Driver                           (2) New Customer                                  01-Feb-2021 Monday CST 22:38:11              
{INFO }  com.carlot.Driver                           (3) Employee log in                               01-Feb-2021 Monday CST 22:38:11              
{INFO }  com.carlot.Driver                                                                             01-Feb-2021 Monday CST 22:40:28              
{INFO }  com.carlot.Driver                         ==============================                      01-Feb-2021 Monday CST 22:40:28              
{INFO }  com.carlot.Driver                             WELCOME TO CAR LOT                              01-Feb-2021 Monday CST 22:40:28              
{INFO }  com.carlot.Driver                         ==============================                      01-Feb-2021 Monday CST 22:40:28              
{INFO }  com.carlot.Driver                           (1) Log in to my account                          01-Feb-2021 Monday CST 22:40:28              
{INFO }  com.carlot.Driver                           (2) New Customer                                  01-Feb-2021 Monday CST 22:40:28              
{INFO }  com.carlot.Driver                           (3) Employee log in                               01-Feb-2021 Monday CST 22:40:28              
{INFO }  com.carlot.Driver                         Enter your LOGIN                                    01-Feb-2021 Monday CST 22:40:32              
{INFO }  com.carlot.Driver                         Enter your PASSWORD                                 01-Feb-2021 Monday CST 22:40:34              
{INFO }  com.carlot.Driver                         No customer found with such login or password       01-Feb-2021 Monday CST 22:40:36              
{INFO }  com.carlot.Driver                         Enter your LOGIN                                    01-Feb-2021 Monday CST 22:40:36              
